<?xml version="1.0" encoding="UTF-8"?>
<!-- Generated by org.testng.reporters.JUnitXMLReporter -->
<testsuite ignored="0" hostname="DESKTOP-1U27RFJ" failures="0" tests="1" name="Test" time="0.191" errors="0" timestamp="2026-05-27T20:50:51 IST">
  <testcase classname="BaeClassPage.java.BaseClass" name="@BeforeClass setup" time="-1.779895251048E9">
    <failure type="org.testng.TestNGException" message="
Parameter &amp;apos;os&amp;apos; is required by BeforeClass on method setup but has not been marked @Optional or defined
in C:\Users\admin\eclipse-workspace\Automationproject\testng.xml">
      <![CDATA[org.testng.TestNGException: 
Parameter 'os' is required by BeforeClass on method setup but has not been marked @Optional or defined
in C:\Users\admin\eclipse-workspace\Automationproject\testng.xml
at java.base/java.util.ArrayList.forEach(ArrayList.java:1511)
... Removed 22 stack frames]]>
    </failure>
  </testcase> <!-- @BeforeClass setup -->
  <testcase classname="BaeClassPage.java.BaseClass" name="@AfterClass tearDown" time="0.0">
    <skipped/>
  </testcase> <!-- @AfterClass tearDown -->
  <testcase classname="testCases.TC_AcctPage" name="passingdetails" time="0.0">
    <skipped/>
  </testcase> <!-- passingdetails -->
</testsuite> <!-- Test -->
